2019/10/10 18:16:44 774 INFO com.jd.test.tools.AddChars.getChar(AddChars.java:36) specialcase: 向数组中添加第0个元素：&
2019/10/10 18:16:44 780 INFO com.jd.test.tools.AddChars.getChar(AddChars.java:36) specialcase: 向数组中添加第1个元素：<
2019/10/10 18:16:44 780 INFO com.jd.test.tools.AddChars.getChar(AddChars.java:36) number: 向数组中添加第2个元素：8
2019/10/10 18:16:44 781 INFO com.jd.test.tools.AddChars.getChar(AddChars.java:36) uppercase: 向数组中添加第3个元素：C
2019/10/10 18:16:44 783 INFO com.jd.test.tools.AddChars.getChar(AddChars.java:36) lowercase: 向数组中添加第4个元素：q
2019/10/10 18:16:44 784 INFO com.jd.test.tools.AddChars.getChar(AddChars.java:36) lowercase: 向数组中添加第5个元素：q
2019/10/10 18:16:44 791 INFO com.jd.test.tools.AddChars.getChar(AddChars.java:36) uppercase: 向数组中添加第6个元素：S
2019/10/10 18:16:44 791 INFO com.jd.test.tools.AddChars.getChar(AddChars.java:36) uppercase: 向数组中添加第7个元素：D
2019/10/10 18:16:44 792 INFO com.jd.test.tools.AddChars.getChar(AddChars.java:36) number: 向数组中添加第8个元素：5
2019/10/10 18:16:44 792 INFO com.jd.test.tools.AddChars.getChar(AddChars.java:36) specialcase: 向数组中添加第9个元素：]
2019/10/10 18:16:44 793 INFO com.jd.test.tools.AddChars.getChar(AddChars.java:36) number: 向数组中添加第10个元素：7
2019/10/10 18:16:44 793 INFO com.jd.test.tools.AddChars.getChar(AddChars.java:36) uppercase: 向数组中添加第11个元素：X
2019/10/10 18:16:44 793 INFO com.jd.test.tools.AddChars.getChar(AddChars.java:36) lowercase: 向数组中添加第12个元素：l
2019/10/10 18:16:44 794 INFO com.jd.test.tools.AddChars.getChar(AddChars.java:36) uppercase: 向数组中添加第13个元素：W
2019/10/10 18:16:44 794 INFO com.jd.test.tools.AddChars.getChar(AddChars.java:36) number: 向数组中添加第14个元素：4
2019/10/10 18:16:44 794 INFO com.jd.test.tools.AddChars.getChar(AddChars.java:36) specialcase: 向数组中添加第15个元素：&
2019/10/10 18:16:44 796 INFO com.jd.test.tools.AddChars.getChar(AddChars.java:36) number: 向数组中添加第16个元素：5
2019/10/10 18:16:44 796 INFO com.jd.test.tools.AddChars.getChar(AddChars.java:36) uppercase: 向数组中添加第17个元素：J
2019/10/10 18:16:44 796 INFO com.jd.test.tools.AddChars.getChar(AddChars.java:36) uppercase: 向数组中添加第18个元素：F
2019/10/10 18:16:44 797 INFO com.jd.test.tools.AddChars.getChar(AddChars.java:36) uppercase: 向数组中添加第19个元素：B
2019/10/10 18:16:44 797 INFO com.jd.test.tools.AddChars.getChar(AddChars.java:36) lowercase: 向数组中添加第20个元素：p
2019/10/10 18:16:44 797 INFO com.jd.test.tools.AddChars.getChar(AddChars.java:36) uppercase: 向数组中添加第21个元素：G
2019/10/10 18:16:44 797 INFO com.jd.test.tools.AddChars.getChar(AddChars.java:36) uppercase: 向数组中添加第22个元素：O
2019/10/10 18:16:44 797 INFO com.jd.test.tools.AddChars.getChar(AddChars.java:36) number: 向数组中添加第23个元素：4
2019/10/10 18:16:44 798 INFO com.jd.test.tools.AddChars.getChar(AddChars.java:36) specialcase: 向数组中添加第24个元素：[
2019/10/10 18:16:44 798 INFO com.jd.test.tools.AddChars.getChar(AddChars.java:36) number: 向数组中添加第25个元素：5
2019/10/10 18:16:44 798 INFO com.jd.test.tools.AddChars.getChar(AddChars.java:36) uppercase: 向数组中添加第26个元素：S
2019/10/10 18:16:44 799 INFO com.jd.test.tools.AddChars.getChar(AddChars.java:36) lowercase: 向数组中添加第27个元素：a
2019/10/10 18:16:44 799 INFO com.jd.test.tools.AddChars.getChar(AddChars.java:36) uppercase: 向数组中添加第28个元素：V
2019/10/10 18:16:44 799 INFO com.jd.test.tools.AddChars.getChar(AddChars.java:36) uppercase: 向数组中添加第29个元素：G
2019/10/10 18:16:44 799 INFO com.jd.test.tools.AddChars.getChar(AddChars.java:36) number: 向数组中添加第30个元素：7
2019/10/10 18:16:44 799 INFO com.jd.test.tools.AddChars.getChar(AddChars.java:36) number: 向数组中添加第31个元素：7
2019/10/10 18:16:44 800 INFO com.jd.test.tools.AddChars.getChar(AddChars.java:36) number: 向数组中添加第32个元素：4
2019/10/10 18:16:44 800 INFO com.jd.test.tools.AddChars.getChar(AddChars.java:36) number: 向数组中添加第33个元素：5
2019/10/10 18:16:44 800 INFO com.jd.test.tools.AddChars.getChar(AddChars.java:36) specialcase: 向数组中添加第34个元素：?
2019/10/10 18:16:44 800 INFO com.jd.test.tools.AddChars.getChar(AddChars.java:36) number: 向数组中添加第35个元素：9
2019/10/10 18:16:44 800 INFO com.jd.test.tools.AddChars.getChar(AddChars.java:36) uppercase: 向数组中添加第36个元素：C
2019/10/10 18:16:44 800 INFO com.jd.test.tools.AddChars.getChar(AddChars.java:36) uppercase: 向数组中添加第37个元素：W
2019/10/10 18:16:44 801 INFO com.jd.test.tools.AddChars.getChar(AddChars.java:36) lowercase: 向数组中添加第38个元素：c
2019/10/10 18:16:44 801 INFO com.jd.test.tools.AddChars.getChar(AddChars.java:36) uppercase: 向数组中添加第39个元素：W
2019/10/10 18:16:44 801 INFO com.jd.test.tools.AddChars.getChar(AddChars.java:36) number: 向数组中添加第40个元素：0
2019/10/10 18:16:44 801 INFO com.jd.test.tools.AddChars.getChar(AddChars.java:36) number: 向数组中添加第41个元素：1
2019/10/10 18:16:44 802 INFO com.jd.test.tools.AddChars.getChar(AddChars.java:36) number: 向数组中添加第42个元素：2
2019/10/10 18:16:44 802 INFO com.jd.test.tools.AddChars.getChar(AddChars.java:36) number: 向数组中添加第43个元素：7
2019/10/10 18:16:44 802 INFO com.jd.test.tools.AddChars.getChar(AddChars.java:36) specialcase: 向数组中添加第44个元素：_
2019/10/10 18:16:44 803 INFO com.jd.test.tools.AddChars.getChar(AddChars.java:36) number: 向数组中添加第45个元素：9
2019/10/10 18:16:44 803 INFO com.jd.test.tools.AddChars.getChar(AddChars.java:36) uppercase: 向数组中添加第46个元素：A
2019/10/10 18:16:44 803 INFO com.jd.test.tools.AddChars.getChar(AddChars.java:36) lowercase: 向数组中添加第47个元素：d
2019/10/10 18:16:44 803 INFO com.jd.test.tools.AddChars.getChar(AddChars.java:36) lowercase: 向数组中添加第48个元素：u
2019/10/10 18:16:44 804 INFO com.jd.test.tools.AddChars.getChar(AddChars.java:36) lowercase: 向数组中添加第49个元素：r
2019/10/10 18:16:44 804 INFO com.jd.test.tools.AddChars.getChar(AddChars.java:36) uppercase: 向数组中添加第50个元素：J
2019/10/10 18:16:44 805 INFO com.jd.test.tools.AddChars.getChar(AddChars.java:36) number: 向数组中添加第51个元素：2
2019/10/10 18:16:44 805 INFO com.jd.test.tools.AddChars.getChar(AddChars.java:36) specialcase: 向数组中添加第52个元素：,
2019/10/10 18:16:44 805 INFO com.jd.test.tools.AddChars.getChar(AddChars.java:36) number: 向数组中添加第53个元素：6
2019/10/10 18:16:44 806 INFO com.jd.test.tools.AddChars.getChar(AddChars.java:36) number: 向数组中添加第54个元素：8
2019/10/10 18:16:44 806 INFO com.jd.test.tools.AddChars.getChar(AddChars.java:36) number: 向数组中添加第55个元素：5
2019/10/10 18:16:44 806 INFO com.jd.test.tools.AddChars.getChar(AddChars.java:36) number: 向数组中添加第56个元素：9
2019/10/10 18:16:44 807 INFO com.jd.test.tools.AddChars.getChar(AddChars.java:36) number: 向数组中添加第57个元素：7
2019/10/10 18:16:44 807 INFO com.jd.test.tools.AddChars.getChar(AddChars.java:36) number: 向数组中添加第58个元素：9
2019/10/10 18:16:44 807 INFO com.jd.test.tools.AddChars.getChar(AddChars.java:36) number: 向数组中添加第59个元素：6
2019/10/10 18:16:44 808 INFO com.jd.test.tools.AddChars.getChar(AddChars.java:36) number: 向数组中添加第60个元素：0
2019/10/10 18:16:44 811 INFO com.jd.test.tools.AddChars.getChar(AddChars.java:36) number: 向数组中添加第61个元素：4
2019/10/10 18:16:44 817 INFO com.jd.test.tools.AddChars.getChar(AddChars.java:36) number: 向数组中添加第62个元素：1
2019/10/10 18:16:44 817 INFO com.jd.test.tools.AddChars.getChar(AddChars.java:36) number: 向数组中添加第63个元素：0
2019/10/10 18:16:44 818 INFO com.jd.test.tools.AddChars.getChar(AddChars.java:36) number: 向数组中添加第64个元素：6
2019/10/10 18:16:44 818 INFO com.jd.test.tools.AddChars.getChar(AddChars.java:36) number: 向数组中添加第65个元素：8
2019/10/10 18:16:44 819 INFO com.jd.test.tools.AddChars.getChar(AddChars.java:36) uppercase: 向数组中添加第66个元素：K
2019/10/10 18:16:44 819 INFO com.jd.test.tools.AddChars.getChar(AddChars.java:36) lowercase: 向数组中添加第67个元素：v
2019/10/10 18:16:44 819 INFO com.jd.test.tools.AddChars.getChar(AddChars.java:36) uppercase: 向数组中添加第68个元素：F
2019/10/10 18:16:44 820 INFO com.jd.test.tools.AddChars.getChar(AddChars.java:36) number: 向数组中添加第69个元素：6
2019/10/10 18:16:44 820 INFO com.jd.test.tools.AddChars.getChar(AddChars.java:36) number: 向数组中添加第70个元素：8
2019/10/10 18:16:44 820 INFO com.jd.test.tools.AddChars.getChar(AddChars.java:36) specialcase: 向数组中添加第71个元素：[
2019/10/10 18:16:44 821 INFO com.jd.test.tools.AddChars.getChar(AddChars.java:36) specialcase: 向数组中添加第72个元素：*
2019/10/10 18:16:44 821 INFO com.jd.test.tools.AddChars.getChar(AddChars.java:36) number: 向数组中添加第73个元素：7
2019/10/10 18:16:44 822 INFO com.jd.test.tools.AddChars.getChar(AddChars.java:36) number: 向数组中添加第74个元素：0
2019/10/10 18:16:44 822 INFO com.jd.test.tools.AddChars.getChar(AddChars.java:36) uppercase: 向数组中添加第75个元素：U
2019/10/10 18:16:44 822 INFO com.jd.test.tools.AddChars.getChar(AddChars.java:36) lowercase: 向数组中添加第76个元素：u
2019/10/10 18:16:44 822 INFO com.jd.test.tools.AddChars.getChar(AddChars.java:36) lowercase: 向数组中添加第77个元素：j
2019/10/10 18:16:44 822 INFO com.jd.test.tools.AddChars.getChar(AddChars.java:36) uppercase: 向数组中添加第78个元素：L
2019/10/10 18:16:44 823 INFO com.jd.test.tools.AddChars.getChar(AddChars.java:36) number: 向数组中添加第79个元素：5
2019/10/10 18:16:44 823 INFO com.jd.test.tools.AddChars.getChar(AddChars.java:36) specialcase: 向数组中添加第80个元素：'
2019/10/10 18:16:44 823 INFO com.jd.test.tools.AddChars.getChar(AddChars.java:36) number: 向数组中添加第81个元素：3
2019/10/10 18:16:44 823 INFO com.jd.test.tools.AddChars.getChar(AddChars.java:36) uppercase: 向数组中添加第82个元素：W
2019/10/10 18:16:44 824 INFO com.jd.test.tools.AddChars.getChar(AddChars.java:36) lowercase: 向数组中添加第83个元素：u
2019/10/10 18:16:44 824 INFO com.jd.test.tools.AddChars.getChar(AddChars.java:36) uppercase: 向数组中添加第84个元素：E
2019/10/10 18:16:44 824 INFO com.jd.test.tools.AddChars.getChar(AddChars.java:36) number: 向数组中添加第85个元素：4
2019/10/10 18:16:44 825 INFO com.jd.test.tools.AddChars.getChar(AddChars.java:36) number: 向数组中添加第86个元素：0
2019/10/10 18:16:44 825 INFO com.jd.test.tools.AddChars.getChar(AddChars.java:36) number: 向数组中添加第87个元素：1
2019/10/10 18:16:44 826 INFO com.jd.test.tools.AddChars.getChar(AddChars.java:36) number: 向数组中添加第88个元素：1
2019/10/10 18:16:44 826 INFO com.jd.test.tools.AddChars.getChar(AddChars.java:36) specialcase: 向数组中添加第89个元素：]
2019/10/10 18:16:44 826 INFO com.jd.test.tools.AddChars.getChar(AddChars.java:36) number: 向数组中添加第90个元素：5
2019/10/10 18:16:44 827 INFO com.jd.test.tools.AddChars.getChar(AddChars.java:36) uppercase: 向数组中添加第91个元素：X
2019/10/10 18:16:44 827 INFO com.jd.test.tools.AddChars.getChar(AddChars.java:36) lowercase: 向数组中添加第92个元素：b
2019/10/10 18:16:44 827 INFO com.jd.test.tools.AddChars.getChar(AddChars.java:36) lowercase: 向数组中添加第93个元素：p
2019/10/10 18:16:44 828 INFO com.jd.test.tools.AddChars.getChar(AddChars.java:36) lowercase: 向数组中添加第94个元素：q
2019/10/10 18:16:44 828 INFO com.jd.test.tools.AddChars.getChar(AddChars.java:36) lowercase: 向数组中添加第95个元素：e
2019/10/10 18:16:44 829 INFO com.jd.test.tools.AddChars.getChar(AddChars.java:36) uppercase: 向数组中添加第96个元素：A
2019/10/10 18:16:44 833 INFO com.jd.test.tools.AddChars.getChar(AddChars.java:36) uppercase: 向数组中添加第97个元素：R
2019/10/10 18:16:44 833 INFO com.jd.test.tools.AddChars.getChar(AddChars.java:36) uppercase: 向数组中添加第98个元素：R
2019/10/10 18:16:44 834 INFO com.jd.test.tools.AddChars.getChar(AddChars.java:36) number: 向数组中添加第99个元素：9
2019/10/10 18:21:21 626 INFO com.jd.test.tools.AddChars.getChar(AddChars.java:36) lowercase: 向数组中添加第0个元素：o
2019/10/10 18:21:21 629 INFO com.jd.test.tools.AddChars.getChar(AddChars.java:36) number: 向数组中添加第1个元素：3
2019/10/10 18:21:21 630 INFO com.jd.test.tools.AddChars.getChar(AddChars.java:36) uppercase: 向数组中添加第2个元素：L
2019/10/10 18:21:21 630 INFO com.jd.test.tools.AddChars.getChar(AddChars.java:36) specialcase: 向数组中添加第3个元素：|
2019/10/10 18:21:21 632 INFO com.jd.test.tools.AddChars.getChar(AddChars.java:36) specialcase: 向数组中添加第4个元素：;
2019/10/10 18:21:21 632 INFO com.jd.test.tools.AddChars.getChar(AddChars.java:36) specialcase: 向数组中添加第5个元素：+
2019/10/10 18:21:21 632 INFO com.jd.test.tools.AddChars.getChar(AddChars.java:36) specialcase: 向数组中添加第6个元素：,
2019/10/10 18:21:21 633 INFO com.jd.test.tools.AddChars.getChar(AddChars.java:36) specialcase: 向数组中添加第7个元素：~
2019/10/10 18:21:21 633 INFO com.jd.test.tools.AddChars.getChar(AddChars.java:36) specialcase: 向数组中添加第8个元素： 
2019/10/10 18:21:21 633 INFO com.jd.test.tools.AddChars.getChar(AddChars.java:36) specialcase: 向数组中添加第9个元素：@
2019/10/10 18:21:21 633 INFO com.jd.test.tools.AddChars.getChar(AddChars.java:36) specialcase: 向数组中添加第10个元素：(
2019/10/10 18:21:21 633 INFO com.jd.test.tools.AddChars.getChar(AddChars.java:36) specialcase: 向数组中添加第11个元素：?
2019/10/10 18:21:21 634 INFO com.jd.test.tools.AddChars.getChar(AddChars.java:36) specialcase: 向数组中添加第12个元素：>
2019/10/10 18:21:21 634 INFO com.jd.test.tools.AddChars.getChar(AddChars.java:36) uppercase: 向数组中添加第13个元素：R
2019/10/10 18:21:21 634 INFO com.jd.test.tools.AddChars.getChar(AddChars.java:36) uppercase: 向数组中添加第14个元素：Y
2019/10/10 18:21:21 634 INFO com.jd.test.tools.AddChars.getChar(AddChars.java:36) uppercase: 向数组中添加第15个元素：N
2019/10/10 18:21:21 635 INFO com.jd.test.tools.AddChars.getChar(AddChars.java:36) number: 向数组中添加第16个元素：9
2019/10/10 18:21:21 636 INFO com.jd.test.tools.AddChars.getChar(AddChars.java:36) lowercase: 向数组中添加第17个元素：h
2019/10/10 18:21:21 637 INFO com.jd.test.tools.AddChars.getChar(AddChars.java:36) number: 向数组中添加第18个元素：7
2019/10/10 18:21:21 637 INFO com.jd.test.tools.AddChars.getChar(AddChars.java:36) uppercase: 向数组中添加第19个元素：R
2019/10/10 18:21:21 637 INFO com.jd.test.tools.AddChars.getChar(AddChars.java:36) specialcase: 向数组中添加第20个元素：%
2019/10/10 18:21:21 637 INFO com.jd.test.tools.AddChars.getChar(AddChars.java:36) uppercase: 向数组中添加第21个元素：E
2019/10/10 18:21:21 637 INFO com.jd.test.tools.AddChars.getChar(AddChars.java:36) number: 向数组中添加第22个元素：7
2019/10/10 18:21:21 638 INFO com.jd.test.tools.AddChars.getChar(AddChars.java:36) lowercase: 向数组中添加第23个元素：f
2019/10/10 18:21:21 638 INFO com.jd.test.tools.AddChars.getChar(AddChars.java:36) number: 向数组中添加第24个元素：7
2019/10/10 18:21:21 638 INFO com.jd.test.tools.AddChars.getChar(AddChars.java:36) uppercase: 向数组中添加第25个元素：V
2019/10/10 18:21:21 638 INFO com.jd.test.tools.AddChars.getChar(AddChars.java:36) uppercase: 向数组中添加第26个元素：C
2019/10/10 18:21:21 638 INFO com.jd.test.tools.AddChars.getChar(AddChars.java:36) specialcase: 向数组中添加第27个元素：^
2019/10/10 18:21:21 638 INFO com.jd.test.tools.AddChars.getChar(AddChars.java:36) uppercase: 向数组中添加第28个元素：R
2019/10/10 18:21:21 639 INFO com.jd.test.tools.AddChars.getChar(AddChars.java:36) uppercase: 向数组中添加第29个元素：W
2019/10/10 18:21:21 639 INFO com.jd.test.tools.AddChars.getChar(AddChars.java:36) number: 向数组中添加第30个元素：7
2019/10/10 18:21:21 639 INFO com.jd.test.tools.AddChars.getChar(AddChars.java:36) lowercase: 向数组中添加第31个元素：z
2019/10/10 18:21:21 639 INFO com.jd.test.tools.AddChars.getChar(AddChars.java:36) number: 向数组中添加第32个元素：0
2019/10/10 18:21:21 639 INFO com.jd.test.tools.AddChars.getChar(AddChars.java:36) uppercase: 向数组中添加第33个元素：R
2019/10/10 18:21:21 640 INFO com.jd.test.tools.AddChars.getChar(AddChars.java:36) specialcase: 向数组中添加第34个元素：]
2019/10/10 18:21:21 640 INFO com.jd.test.tools.AddChars.getChar(AddChars.java:36) uppercase: 向数组中添加第35个元素：H
2019/10/10 18:21:21 640 INFO com.jd.test.tools.AddChars.getChar(AddChars.java:36) number: 向数组中添加第36个元素：1
2019/10/10 18:21:21 640 INFO com.jd.test.tools.AddChars.getChar(AddChars.java:36) number: 向数组中添加第37个元素：8
2019/10/10 18:21:21 640 INFO com.jd.test.tools.AddChars.getChar(AddChars.java:36) number: 向数组中添加第38个元素：7
2019/10/10 18:21:21 640 INFO com.jd.test.tools.AddChars.getChar(AddChars.java:36) number: 向数组中添加第39个元素：1
2019/10/10 18:21:21 641 INFO com.jd.test.tools.AddChars.getChar(AddChars.java:36) number: 向数组中添加第40个元素：0
2019/10/10 18:21:21 642 INFO com.jd.test.tools.AddChars.getChar(AddChars.java:36) number: 向数组中添加第41个元素：6
2019/10/10 18:21:21 642 INFO com.jd.test.tools.AddChars.getChar(AddChars.java:36) number: 向数组中添加第42个元素：2
2019/10/10 18:21:21 642 INFO com.jd.test.tools.AddChars.getChar(AddChars.java:36) number: 向数组中添加第43个元素：9
2019/10/10 18:21:21 643 INFO com.jd.test.tools.AddChars.getChar(AddChars.java:36) number: 向数组中添加第44个元素：8
2019/10/10 18:21:21 644 INFO com.jd.test.tools.AddChars.getChar(AddChars.java:36) number: 向数组中添加第45个元素：6
2019/10/10 18:21:21 644 INFO com.jd.test.tools.AddChars.getChar(AddChars.java:36) number: 向数组中添加第46个元素：0
2019/10/10 18:21:21 644 INFO com.jd.test.tools.AddChars.getChar(AddChars.java:36) number: 向数组中添加第47个元素：8
2019/10/10 18:21:21 644 INFO com.jd.test.tools.AddChars.getChar(AddChars.java:36) number: 向数组中添加第48个元素：2
2019/10/10 18:21:21 645 INFO com.jd.test.tools.AddChars.getChar(AddChars.java:36) number: 向数组中添加第49个元素：7
2019/10/10 18:21:21 645 INFO com.jd.test.tools.AddChars.getChar(AddChars.java:36) number: 向数组中添加第50个元素：7
2019/10/10 18:21:21 645 INFO com.jd.test.tools.AddChars.getChar(AddChars.java:36) number: 向数组中添加第51个元素：8
2019/10/10 18:21:21 646 INFO com.jd.test.tools.AddChars.getChar(AddChars.java:36) number: 向数组中添加第52个元素：3
2019/10/10 18:21:21 646 INFO com.jd.test.tools.AddChars.getChar(AddChars.java:36) number: 向数组中添加第53个元素：1
2019/10/10 18:21:21 647 INFO com.jd.test.tools.AddChars.getChar(AddChars.java:36) number: 向数组中添加第54个元素：3
2019/10/10 18:21:21 647 INFO com.jd.test.tools.AddChars.getChar(AddChars.java:36) number: 向数组中添加第55个元素：4
2019/10/10 18:21:21 648 INFO com.jd.test.tools.AddChars.getChar(AddChars.java:36) number: 向数组中添加第56个元素：5
2019/10/10 18:21:21 648 INFO com.jd.test.tools.AddChars.getChar(AddChars.java:36) number: 向数组中添加第57个元素：9
2019/10/10 18:21:21 649 INFO com.jd.test.tools.AddChars.getChar(AddChars.java:36) number: 向数组中添加第58个元素：6
2019/10/10 18:21:21 649 INFO com.jd.test.tools.AddChars.getChar(AddChars.java:36) number: 向数组中添加第59个元素：2
2019/10/10 18:21:21 649 INFO com.jd.test.tools.AddChars.getChar(AddChars.java:36) number: 向数组中添加第60个元素：1
2019/10/10 18:21:21 650 INFO com.jd.test.tools.AddChars.getChar(AddChars.java:36) number: 向数组中添加第61个元素：2
2019/10/10 18:21:21 650 INFO com.jd.test.tools.AddChars.getChar(AddChars.java:36) number: 向数组中添加第62个元素：3
2019/10/10 18:21:21 650 INFO com.jd.test.tools.AddChars.getChar(AddChars.java:36) number: 向数组中添加第63个元素：9
2019/10/10 18:21:21 651 INFO com.jd.test.tools.AddChars.getChar(AddChars.java:36) number: 向数组中添加第64个元素：5
2019/10/10 18:21:21 651 INFO com.jd.test.tools.AddChars.getChar(AddChars.java:36) number: 向数组中添加第65个元素：5
2019/10/10 18:21:21 654 INFO com.jd.test.tools.AddChars.getChar(AddChars.java:36) number: 向数组中添加第66个元素：0
2019/10/10 18:21:21 655 INFO com.jd.test.tools.AddChars.getChar(AddChars.java:36) lowercase: 向数组中添加第67个元素：r
2019/10/10 18:21:21 655 INFO com.jd.test.tools.AddChars.getChar(AddChars.java:36) number: 向数组中添加第68个元素：1
2019/10/10 18:21:21 655 INFO com.jd.test.tools.AddChars.getChar(AddChars.java:36) uppercase: 向数组中添加第69个元素：V
2019/10/10 18:21:21 656 INFO com.jd.test.tools.AddChars.getChar(AddChars.java:36) specialcase: 向数组中添加第70个元素：,
2019/10/10 18:21:21 656 INFO com.jd.test.tools.AddChars.getChar(AddChars.java:36) uppercase: 向数组中添加第71个元素：V
2019/10/10 18:21:21 656 INFO com.jd.test.tools.AddChars.getChar(AddChars.java:36) number: 向数组中添加第72个元素：2
2019/10/10 18:21:21 657 INFO com.jd.test.tools.AddChars.getChar(AddChars.java:36) lowercase: 向数组中添加第73个元素：t
2019/10/10 18:21:21 657 INFO com.jd.test.tools.AddChars.getChar(AddChars.java:36) number: 向数组中添加第74个元素：2
2019/10/10 18:21:21 657 INFO com.jd.test.tools.AddChars.getChar(AddChars.java:36) uppercase: 向数组中添加第75个元素：M
2019/10/10 18:21:21 657 INFO com.jd.test.tools.AddChars.getChar(AddChars.java:36) uppercase: 向数组中添加第76个元素：K
2019/10/10 18:21:21 658 INFO com.jd.test.tools.AddChars.getChar(AddChars.java:36) uppercase: 向数组中添加第77个元素：X
2019/10/10 18:21:21 658 INFO com.jd.test.tools.AddChars.getChar(AddChars.java:36) uppercase: 向数组中添加第78个元素：H
2019/10/10 18:21:21 658 INFO com.jd.test.tools.AddChars.getChar(AddChars.java:36) uppercase: 向数组中添加第79个元素：Q
2019/10/10 18:21:21 658 INFO com.jd.test.tools.AddChars.getChar(AddChars.java:36) uppercase: 向数组中添加第80个元素：X
2019/10/10 18:21:21 659 INFO com.jd.test.tools.AddChars.getChar(AddChars.java:36) uppercase: 向数组中添加第81个元素：H
2019/10/10 18:21:21 659 INFO com.jd.test.tools.AddChars.getChar(AddChars.java:36) specialcase: 向数组中添加第82个元素： 
2019/10/10 18:21:21 659 INFO com.jd.test.tools.AddChars.getChar(AddChars.java:36) uppercase: 向数组中添加第83个元素：W
2019/10/10 18:21:21 660 INFO com.jd.test.tools.AddChars.getChar(AddChars.java:36) uppercase: 向数组中添加第84个元素：G
2019/10/10 18:21:21 660 INFO com.jd.test.tools.AddChars.getChar(AddChars.java:36) uppercase: 向数组中添加第85个元素：I
2019/10/10 18:21:21 660 INFO com.jd.test.tools.AddChars.getChar(AddChars.java:36) uppercase: 向数组中添加第86个元素：J
2019/10/10 18:21:21 660 INFO com.jd.test.tools.AddChars.getChar(AddChars.java:36) uppercase: 向数组中添加第87个元素：W
2019/10/10 18:21:21 661 INFO com.jd.test.tools.AddChars.getChar(AddChars.java:36) uppercase: 向数组中添加第88个元素：Z
2019/10/10 18:21:21 661 INFO com.jd.test.tools.AddChars.getChar(AddChars.java:36) uppercase: 向数组中添加第89个元素：O
2019/10/10 18:21:21 661 INFO com.jd.test.tools.AddChars.getChar(AddChars.java:36) uppercase: 向数组中添加第90个元素：W
2019/10/10 18:21:21 661 INFO com.jd.test.tools.AddChars.getChar(AddChars.java:36) number: 向数组中添加第91个元素：8
2019/10/10 18:21:21 662 INFO com.jd.test.tools.AddChars.getChar(AddChars.java:36) number: 向数组中添加第92个元素：2
2019/10/10 18:21:21 662 INFO com.jd.test.tools.AddChars.getChar(AddChars.java:36) number: 向数组中添加第93个元素：0
2019/10/10 18:21:21 662 INFO com.jd.test.tools.AddChars.getChar(AddChars.java:36) number: 向数组中添加第94个元素：4
2019/10/10 18:21:21 662 INFO com.jd.test.tools.AddChars.getChar(AddChars.java:36) number: 向数组中添加第95个元素：9
2019/10/10 18:21:21 662 INFO com.jd.test.tools.AddChars.getChar(AddChars.java:36) number: 向数组中添加第96个元素：0
2019/10/10 18:21:21 662 INFO com.jd.test.tools.AddChars.getChar(AddChars.java:36) lowercase: 向数组中添加第97个元素：d
2019/10/10 18:21:21 662 INFO com.jd.test.tools.AddChars.getChar(AddChars.java:36) number: 向数组中添加第98个元素：4
2019/10/10 18:21:21 662 INFO com.jd.test.tools.AddChars.getChar(AddChars.java:36) uppercase: 向数组中添加第99个元素：X
