2019/10/09 17:02:15 499 com.jd.test.tools.AddChars.run(AddChars.java:25): 设置数组第1值为：`
2019/10/09 17:02:15 499 com.jd.test.tools.AddChars.run(AddChars.java:25): 设置数组第2值为："
2019/10/09 17:02:15 499 com.jd.test.tools.AddChars.run(AddChars.java:25): 设置数组第1值为：;
2019/10/09 17:02:15 499 com.jd.test.tools.AddChars.run(AddChars.java:25): 设置数组第1值为：`
2019/10/09 17:02:15 499 com.jd.test.tools.AddChars.run(AddChars.java:25): 设置数组第1值为：`
2019/10/09 17:02:15 499 com.jd.test.tools.AddChars.run(AddChars.java:25): 设置数组第5值为：'
2019/10/09 17:02:15 499 com.jd.test.tools.AddChars.run(AddChars.java:25): 设置数组第4值为：?
2019/10/09 17:02:15 499 com.jd.test.tools.AddChars.run(AddChars.java:25): 设置数组第3值为： 
2019/10/09 17:02:15 499 com.jd.test.tools.AddChars.run(AddChars.java:25): 设置数组第8值为："
2019/10/09 17:02:15 499 com.jd.test.tools.AddChars.run(AddChars.java:25): 设置数组第7值为：\
2019/10/09 17:02:15 499 com.jd.test.tools.AddChars.run(AddChars.java:25): 设置数组第6值为：<
2019/10/09 17:02:15 499 com.jd.test.tools.AddChars.run(AddChars.java:25): 设置数组第11值为：,
2019/10/09 17:02:15 499 com.jd.test.tools.AddChars.run(AddChars.java:25): 设置数组第13值为：:
2019/10/09 17:02:15 499 com.jd.test.tools.AddChars.run(AddChars.java:25): 设置数组第10值为：!
2019/10/09 17:02:15 499 com.jd.test.tools.AddChars.run(AddChars.java:25): 设置数组第9值为：}
2019/10/09 17:02:15 499 com.jd.test.tools.AddChars.run(AddChars.java:25): 设置数组第15值为：.
2019/10/09 17:02:15 499 com.jd.test.tools.AddChars.run(AddChars.java:25): 设置数组第14值为：?
2019/10/09 17:02:15 499 com.jd.test.tools.AddChars.run(AddChars.java:25): 设置数组第12值为："
2019/10/09 17:02:15 499 com.jd.test.tools.AddChars.run(AddChars.java:25): 设置数组第18值为：^
2019/10/09 17:02:15 499 com.jd.test.tools.AddChars.run(AddChars.java:25): 设置数组第17值为：%
2019/10/09 17:02:15 499 com.jd.test.tools.AddChars.run(AddChars.java:25): 设置数组第16值为：<
2019/10/09 17:02:15 499 com.jd.test.tools.AddChars.run(AddChars.java:25): 设置数组第20值为：(
2019/10/09 17:02:15 499 com.jd.test.tools.AddChars.run(AddChars.java:25): 设置数组第19值为：~
2019/10/09 17:08:38 614 INFO com.jd.test.tools.AddChars.run(AddChars.java:25) UPPERCASE: 设置数组第1值为：{
2019/10/09 17:08:38 614 INFO com.jd.test.tools.AddChars.run(AddChars.java:25) UPPERCASE: 设置数组第2值为：;
2019/10/09 17:08:38 614 INFO com.jd.test.tools.AddChars.run(AddChars.java:25) SPECIALCASE: 设置数组第1值为：{
2019/10/09 17:08:38 614 INFO com.jd.test.tools.AddChars.run(AddChars.java:25) LOWERCASE: 设置数组第1值为：{
2019/10/09 17:08:38 614 INFO com.jd.test.tools.AddChars.run(AddChars.java:25) NUMBER: 设置数组第1值为：{
2019/10/09 17:08:38 614 INFO com.jd.test.tools.AddChars.run(AddChars.java:25) LOWERCASE: 设置数组第5值为：+
2019/10/09 17:08:38 614 INFO com.jd.test.tools.AddChars.run(AddChars.java:25) SPECIALCASE: 设置数组第4值为：?
2019/10/09 17:08:38 614 INFO com.jd.test.tools.AddChars.run(AddChars.java:25) UPPERCASE: 设置数组第3值为：?
2019/10/09 17:08:38 614 INFO com.jd.test.tools.AddChars.run(AddChars.java:25) SPECIALCASE: 设置数组第8值为： 
2019/10/09 17:08:38 614 INFO com.jd.test.tools.AddChars.run(AddChars.java:25) LOWERCASE: 设置数组第7值为：'
2019/10/09 17:08:38 614 INFO com.jd.test.tools.AddChars.run(AddChars.java:25) NUMBER: 设置数组第6值为：\
2019/10/09 17:08:38 614 INFO com.jd.test.tools.AddChars.run(AddChars.java:25) LOWERCASE: 设置数组第11值为：_
2019/10/09 17:08:38 614 INFO com.jd.test.tools.AddChars.run(AddChars.java:25) SPECIALCASE: 设置数组第10值为：-
2019/10/09 17:08:38 614 INFO com.jd.test.tools.AddChars.run(AddChars.java:25) UPPERCASE: 设置数组第9值为：&
2019/10/09 17:08:38 614 INFO com.jd.test.tools.AddChars.run(AddChars.java:25) SPECIALCASE: 设置数组第14值为：_
2019/10/09 17:08:38 614 INFO com.jd.test.tools.AddChars.run(AddChars.java:25) LOWERCASE: 设置数组第13值为：+
2019/10/09 17:08:38 614 INFO com.jd.test.tools.AddChars.run(AddChars.java:25) NUMBER: 设置数组第12值为：`
2019/10/09 17:08:38 629 INFO com.jd.test.tools.AddChars.run(AddChars.java:25) LOWERCASE: 设置数组第17值为：<
2019/10/09 17:08:38 614 INFO com.jd.test.tools.AddChars.run(AddChars.java:25) SPECIALCASE: 设置数组第16值为：.
2019/10/09 17:08:38 614 INFO com.jd.test.tools.AddChars.run(AddChars.java:25) UPPERCASE: 设置数组第15值为：`
2019/10/09 17:08:38 629 INFO com.jd.test.tools.AddChars.run(AddChars.java:25) SPECIALCASE: 设置数组第20值为：?
2019/10/09 17:08:38 629 INFO com.jd.test.tools.AddChars.run(AddChars.java:25) LOWERCASE: 设置数组第19值为：$
2019/10/09 17:08:38 629 INFO com.jd.test.tools.AddChars.run(AddChars.java:25) NUMBER: 设置数组第18值为：{
2019/10/09 17:18:13 037 INFO com.jd.test.tools.AddChars.run(AddChars.java:25) LOWERCASE: 设置数组第1值为：G
2019/10/09 17:18:13 037 INFO com.jd.test.tools.AddChars.run(AddChars.java:25) UPPERCASE: 设置数组第1值为：O
2019/10/09 17:18:13 037 INFO com.jd.test.tools.AddChars.run(AddChars.java:25) SPECIALCASE: 设置数组第1值为：G
2019/10/09 17:18:13 037 INFO com.jd.test.tools.AddChars.run(AddChars.java:25) NUMBER: 设置数组第1值为：G
2019/10/09 17:18:13 053 INFO com.jd.test.tools.AddChars.run(AddChars.java:25) SPECIALCASE: 设置数组第4值为：U
2019/10/09 17:18:13 053 INFO com.jd.test.tools.AddChars.run(AddChars.java:25) UPPERCASE: 设置数组第3值为：D
2019/10/09 17:18:13 053 INFO com.jd.test.tools.AddChars.run(AddChars.java:25) LOWERCASE: 设置数组第2值为：A
2019/10/09 17:18:13 053 INFO com.jd.test.tools.AddChars.run(AddChars.java:25) UPPERCASE: 设置数组第7值为：J
2019/10/09 17:18:13 053 INFO com.jd.test.tools.AddChars.run(AddChars.java:25) SPECIALCASE: 设置数组第6值为：Q
2019/10/09 17:18:13 053 INFO com.jd.test.tools.AddChars.run(AddChars.java:25) NUMBER: 设置数组第5值为：A
2019/10/09 17:18:13 053 INFO com.jd.test.tools.AddChars.run(AddChars.java:25) SPECIALCASE: 设置数组第10值为：D
2019/10/09 17:18:13 053 INFO com.jd.test.tools.AddChars.run(AddChars.java:25) UPPERCASE: 设置数组第9值为：I
2019/10/09 17:18:13 053 INFO com.jd.test.tools.AddChars.run(AddChars.java:25) LOWERCASE: 设置数组第8值为：Q
2019/10/09 17:18:13 053 INFO com.jd.test.tools.AddChars.run(AddChars.java:25) UPPERCASE: 设置数组第13值为：X
2019/10/09 17:18:13 053 INFO com.jd.test.tools.AddChars.run(AddChars.java:25) SPECIALCASE: 设置数组第12值为：Y
2019/10/09 17:18:13 053 INFO com.jd.test.tools.AddChars.run(AddChars.java:25) NUMBER: 设置数组第11值为：H
2019/10/09 17:18:13 053 INFO com.jd.test.tools.AddChars.run(AddChars.java:25) SPECIALCASE: 设置数组第16值为：T
2019/10/09 17:18:13 053 INFO com.jd.test.tools.AddChars.run(AddChars.java:25) UPPERCASE: 设置数组第15值为：A
2019/10/09 17:18:13 053 INFO com.jd.test.tools.AddChars.run(AddChars.java:25) LOWERCASE: 设置数组第14值为：P
2019/10/09 17:18:13 053 INFO com.jd.test.tools.AddChars.run(AddChars.java:25) UPPERCASE: 设置数组第19值为：B
2019/10/09 17:18:13 053 INFO com.jd.test.tools.AddChars.run(AddChars.java:25) SPECIALCASE: 设置数组第18值为：F
2019/10/09 17:18:13 053 INFO com.jd.test.tools.AddChars.run(AddChars.java:25) NUMBER: 设置数组第17值为：M
2019/10/09 17:18:13 053 INFO com.jd.test.tools.AddChars.run(AddChars.java:25) LOWERCASE: 设置数组第20值为：R
2019/10/09 17:23:16 516 INFO com.jd.test.tools.AddChars.run(AddChars.java:26) NUMBER: 设置数组第1值为：K
2019/10/09 17:23:16 531 INFO com.jd.test.tools.AddChars.run(AddChars.java:26) NUMBER: 设置数组第2值为：H
2019/10/09 17:23:16 531 INFO com.jd.test.tools.AddChars.run(AddChars.java:26) NUMBER: 设置数组第3值为：P
2019/10/09 17:23:16 531 INFO com.jd.test.tools.AddChars.run(AddChars.java:26) NUMBER: 设置数组第4值为：D
2019/10/09 17:23:16 531 INFO com.jd.test.tools.AddChars.run(AddChars.java:26) NUMBER: 设置数组第5值为：O
2019/10/09 17:23:16 531 INFO com.jd.test.tools.AddChars.run(AddChars.java:26) NUMBER: 设置数组第6值为：R
2019/10/09 17:23:16 531 INFO com.jd.test.tools.AddChars.run(AddChars.java:26) NUMBER: 设置数组第7值为：Y
2019/10/09 17:23:16 531 INFO com.jd.test.tools.AddChars.run(AddChars.java:26) NUMBER: 设置数组第8值为：C
2019/10/09 17:23:16 531 INFO com.jd.test.tools.AddChars.run(AddChars.java:26) NUMBER: 设置数组第9值为：V
2019/10/09 17:23:16 538 INFO com.jd.test.tools.AddChars.run(AddChars.java:26) NUMBER: 设置数组第10值为：A
2019/10/09 17:23:16 538 INFO com.jd.test.tools.AddChars.run(AddChars.java:26) NUMBER: 设置数组第11值为：K
2019/10/09 17:23:16 538 INFO com.jd.test.tools.AddChars.run(AddChars.java:26) NUMBER: 设置数组第12值为：Y
2019/10/09 17:23:16 538 INFO com.jd.test.tools.AddChars.run(AddChars.java:26) NUMBER: 设置数组第13值为：K
2019/10/09 17:23:16 538 INFO com.jd.test.tools.AddChars.run(AddChars.java:26) NUMBER: 设置数组第14值为：M
2019/10/09 17:23:16 538 INFO com.jd.test.tools.AddChars.run(AddChars.java:26) NUMBER: 设置数组第15值为：S
2019/10/09 17:23:16 538 INFO com.jd.test.tools.AddChars.run(AddChars.java:26) NUMBER: 设置数组第16值为：C
2019/10/09 17:23:16 538 INFO com.jd.test.tools.AddChars.run(AddChars.java:26) NUMBER: 设置数组第17值为：S
2019/10/09 17:23:16 538 INFO com.jd.test.tools.AddChars.run(AddChars.java:26) NUMBER: 设置数组第18值为：V
2019/10/09 17:23:16 538 INFO com.jd.test.tools.AddChars.run(AddChars.java:26) NUMBER: 设置数组第19值为：T
2019/10/09 17:23:16 538 INFO com.jd.test.tools.AddChars.run(AddChars.java:26) NUMBER: 设置数组第20值为：S
2019/10/09 17:37:17 368 INFO com.jd.test.tools.AddChars.run(AddChars.java:26) NUMBER: 设置数组第1值为：G
2019/10/09 17:37:17 368 INFO com.jd.test.tools.AddChars.run(AddChars.java:26) NUMBER: 设置数组第2值为：H
2019/10/09 17:37:17 368 INFO com.jd.test.tools.AddChars.run(AddChars.java:26) NUMBER: 设置数组第3值为：Z
2019/10/09 17:37:17 368 INFO com.jd.test.tools.AddChars.run(AddChars.java:26) NUMBER: 设置数组第4值为：N
2019/10/09 17:37:17 368 INFO com.jd.test.tools.AddChars.run(AddChars.java:26) NUMBER: 设置数组第5值为：O
2019/10/09 17:37:17 368 INFO com.jd.test.tools.AddChars.run(AddChars.java:26) NUMBER: 设置数组第6值为：F
2019/10/09 17:37:17 384 INFO com.jd.test.tools.AddChars.run(AddChars.java:26) NUMBER: 设置数组第7值为：H
2019/10/09 17:37:17 384 INFO com.jd.test.tools.AddChars.run(AddChars.java:26) NUMBER: 设置数组第8值为：Q
2019/10/09 17:37:17 384 INFO com.jd.test.tools.AddChars.run(AddChars.java:26) NUMBER: 设置数组第9值为：T
2019/10/09 17:37:17 384 INFO com.jd.test.tools.AddChars.run(AddChars.java:26) NUMBER: 设置数组第10值为：R
2019/10/09 17:37:17 384 INFO com.jd.test.tools.AddChars.run(AddChars.java:26) NUMBER: 设置数组第11值为：A
2019/10/09 17:37:17 384 INFO com.jd.test.tools.AddChars.run(AddChars.java:26) NUMBER: 设置数组第12值为：I
2019/10/09 17:37:17 384 INFO com.jd.test.tools.AddChars.run(AddChars.java:26) NUMBER: 设置数组第13值为：R
2019/10/09 17:37:17 384 INFO com.jd.test.tools.AddChars.run(AddChars.java:26) NUMBER: 设置数组第14值为：S
2019/10/09 17:37:17 384 INFO com.jd.test.tools.AddChars.run(AddChars.java:26) NUMBER: 设置数组第15值为：D
2019/10/09 17:37:17 384 INFO com.jd.test.tools.AddChars.run(AddChars.java:26) NUMBER: 设置数组第16值为：V
2019/10/09 17:37:17 384 INFO com.jd.test.tools.AddChars.run(AddChars.java:26) NUMBER: 设置数组第17值为：U
2019/10/09 17:37:17 384 INFO com.jd.test.tools.AddChars.run(AddChars.java:26) NUMBER: 设置数组第18值为：O
2019/10/09 17:37:17 384 INFO com.jd.test.tools.AddChars.run(AddChars.java:26) NUMBER: 设置数组第19值为：R
2019/10/09 17:37:17 384 INFO com.jd.test.tools.AddChars.run(AddChars.java:26) NUMBER: 设置数组第20值为：F
2019/10/09 17:44:26 303 INFO com.jd.test.tools.AddChars.run(AddChars.java:26) NUMBER: 设置数组第1值为：A
2019/10/09 17:44:26 303 INFO com.jd.test.tools.AddChars.run(AddChars.java:26) NUMBER: 设置数组第2值为：R
2019/10/09 17:44:26 303 INFO com.jd.test.tools.AddChars.run(AddChars.java:26) NUMBER: 设置数组第3值为：Y
2019/10/09 17:44:26 303 INFO com.jd.test.tools.AddChars.run(AddChars.java:26) NUMBER: 设置数组第4值为：D
2019/10/09 17:44:26 303 INFO com.jd.test.tools.AddChars.run(AddChars.java:26) NUMBER: 设置数组第5值为：O
2019/10/09 17:44:26 303 INFO com.jd.test.tools.AddChars.run(AddChars.java:26) NUMBER: 设置数组第6值为：L
2019/10/09 17:44:26 303 INFO com.jd.test.tools.AddChars.run(AddChars.java:26) NUMBER: 设置数组第7值为：R
2019/10/09 17:44:26 303 INFO com.jd.test.tools.AddChars.run(AddChars.java:26) NUMBER: 设置数组第8值为：J
2019/10/09 17:44:26 303 INFO com.jd.test.tools.AddChars.run(AddChars.java:26) NUMBER: 设置数组第9值为：H
2019/10/09 17:44:26 303 INFO com.jd.test.tools.AddChars.run(AddChars.java:26) NUMBER: 设置数组第10值为：R
2019/10/09 17:44:26 303 INFO com.jd.test.tools.AddChars.run(AddChars.java:26) NUMBER: 设置数组第11值为：P
2019/10/09 17:44:26 303 INFO com.jd.test.tools.AddChars.run(AddChars.java:26) NUMBER: 设置数组第12值为：R
2019/10/09 17:44:26 303 INFO com.jd.test.tools.AddChars.run(AddChars.java:26) NUMBER: 设置数组第13值为：C
2019/10/09 17:44:26 303 INFO com.jd.test.tools.AddChars.run(AddChars.java:26) NUMBER: 设置数组第14值为：B
2019/10/09 17:44:26 303 INFO com.jd.test.tools.AddChars.run(AddChars.java:26) NUMBER: 设置数组第15值为：Y
2019/10/09 17:44:26 303 INFO com.jd.test.tools.AddChars.run(AddChars.java:26) NUMBER: 设置数组第16值为：E
2019/10/09 17:44:26 318 INFO com.jd.test.tools.AddChars.run(AddChars.java:26) NUMBER: 设置数组第17值为：C
2019/10/09 17:44:26 318 INFO com.jd.test.tools.AddChars.run(AddChars.java:26) NUMBER: 设置数组第18值为：Y
2019/10/09 17:44:26 318 INFO com.jd.test.tools.AddChars.run(AddChars.java:26) NUMBER: 设置数组第19值为：K
2019/10/09 17:44:26 318 INFO com.jd.test.tools.AddChars.run(AddChars.java:26) NUMBER: 设置数组第20值为：G
2019/10/09 17:44:55 188 INFO com.jd.test.tools.AddChars.run(AddChars.java:26) NUMBER: 设置数组第1值为：Q
2019/10/09 17:44:55 188 INFO com.jd.test.tools.AddChars.run(AddChars.java:26) NUMBER: 设置数组第2值为：Q
2019/10/09 17:44:55 188 INFO com.jd.test.tools.AddChars.run(AddChars.java:26) NUMBER: 设置数组第3值为：O
2019/10/09 17:44:55 188 INFO com.jd.test.tools.AddChars.run(AddChars.java:26) NUMBER: 设置数组第4值为：D
2019/10/09 17:44:55 188 INFO com.jd.test.tools.AddChars.run(AddChars.java:26) NUMBER: 设置数组第5值为：W
2019/10/09 17:44:55 188 INFO com.jd.test.tools.AddChars.run(AddChars.java:26) NUMBER: 设置数组第6值为：J
2019/10/09 17:44:55 188 INFO com.jd.test.tools.AddChars.run(AddChars.java:26) NUMBER: 设置数组第7值为：A
2019/10/09 17:44:55 188 INFO com.jd.test.tools.AddChars.run(AddChars.java:26) NUMBER: 设置数组第8值为：D
2019/10/09 17:44:55 188 INFO com.jd.test.tools.AddChars.run(AddChars.java:26) NUMBER: 设置数组第9值为：H
2019/10/09 17:44:55 188 INFO com.jd.test.tools.AddChars.run(AddChars.java:26) NUMBER: 设置数组第10值为：Z
2019/10/09 17:44:55 188 INFO com.jd.test.tools.AddChars.run(AddChars.java:26) NUMBER: 设置数组第11值为：U
2019/10/09 17:44:55 188 INFO com.jd.test.tools.AddChars.run(AddChars.java:26) NUMBER: 设置数组第12值为：C
2019/10/09 17:44:55 188 INFO com.jd.test.tools.AddChars.run(AddChars.java:26) NUMBER: 设置数组第13值为：X
2019/10/09 17:44:55 188 INFO com.jd.test.tools.AddChars.run(AddChars.java:26) NUMBER: 设置数组第14值为：Z
2019/10/09 17:44:55 188 INFO com.jd.test.tools.AddChars.run(AddChars.java:26) NUMBER: 设置数组第15值为：Y
2019/10/09 17:44:55 188 INFO com.jd.test.tools.AddChars.run(AddChars.java:26) NUMBER: 设置数组第16值为：M
2019/10/09 17:44:55 188 INFO com.jd.test.tools.AddChars.run(AddChars.java:26) NUMBER: 设置数组第17值为：Q
2019/10/09 17:44:55 188 INFO com.jd.test.tools.AddChars.run(AddChars.java:26) NUMBER: 设置数组第18值为：G
2019/10/09 17:44:55 188 INFO com.jd.test.tools.AddChars.run(AddChars.java:26) NUMBER: 设置数组第19值为：W
2019/10/09 17:44:55 188 INFO com.jd.test.tools.AddChars.run(AddChars.java:26) NUMBER: 设置数组第20值为：R
2019/10/09 17:49:12 553 INFO com.jd.test.tools.AddChars.run(AddChars.java:27) NUMBER: 设置数组第1值为：Z
2019/10/09 17:49:12 553 INFO com.jd.test.tools.AddChars.run(AddChars.java:27) SPECIALCASE: 设置数组第1值为：A
2019/10/09 17:49:12 553 INFO com.jd.test.tools.AddChars.run(AddChars.java:27) UPPERCASE: 设置数组第1值为：T
2019/10/09 17:49:12 553 INFO com.jd.test.tools.AddChars.run(AddChars.java:27) LOWERCASE: 设置数组第1值为：W
2019/10/09 17:49:35 918 INFO com.jd.test.tools.AddChars.run(AddChars.java:27) NUMBER: 设置数组第1值为：I
2019/10/09 17:49:35 918 INFO com.jd.test.tools.AddChars.run(AddChars.java:27) NUMBER: 设置数组第2值为：Q
2019/10/09 17:49:35 918 INFO com.jd.test.tools.AddChars.run(AddChars.java:27) NUMBER: 设置数组第3值为：Q
2019/10/09 17:49:35 918 INFO com.jd.test.tools.AddChars.run(AddChars.java:27) NUMBER: 设置数组第4值为：X
2019/10/09 17:49:35 918 INFO com.jd.test.tools.AddChars.run(AddChars.java:27) NUMBER: 设置数组第5值为：G
2019/10/09 17:49:35 918 INFO com.jd.test.tools.AddChars.run(AddChars.java:27) NUMBER: 设置数组第6值为：T
2019/10/09 17:49:35 918 INFO com.jd.test.tools.AddChars.run(AddChars.java:27) NUMBER: 设置数组第7值为：P
2019/10/09 17:49:35 918 INFO com.jd.test.tools.AddChars.run(AddChars.java:27) NUMBER: 设置数组第8值为：L
2019/10/09 17:49:35 918 INFO com.jd.test.tools.AddChars.run(AddChars.java:27) NUMBER: 设置数组第9值为：N
2019/10/09 17:49:35 918 INFO com.jd.test.tools.AddChars.run(AddChars.java:27) NUMBER: 设置数组第10值为：O
2019/10/09 17:49:35 918 INFO com.jd.test.tools.AddChars.run(AddChars.java:27) NUMBER: 设置数组第11值为：U
2019/10/09 17:49:35 918 INFO com.jd.test.tools.AddChars.run(AddChars.java:27) NUMBER: 设置数组第12值为：F
2019/10/09 17:49:35 918 INFO com.jd.test.tools.AddChars.run(AddChars.java:27) NUMBER: 设置数组第13值为：C
2019/10/09 17:49:35 918 INFO com.jd.test.tools.AddChars.run(AddChars.java:27) NUMBER: 设置数组第14值为：W
2019/10/09 17:49:35 918 INFO com.jd.test.tools.AddChars.run(AddChars.java:27) NUMBER: 设置数组第15值为：W
2019/10/09 17:49:35 918 INFO com.jd.test.tools.AddChars.run(AddChars.java:27) NUMBER: 设置数组第16值为：I
2019/10/09 17:49:35 934 INFO com.jd.test.tools.AddChars.run(AddChars.java:27) NUMBER: 设置数组第17值为：Y
2019/10/09 17:49:35 934 INFO com.jd.test.tools.AddChars.run(AddChars.java:27) NUMBER: 设置数组第18值为：W
2019/10/09 17:49:35 934 INFO com.jd.test.tools.AddChars.run(AddChars.java:27) NUMBER: 设置数组第19值为：O
2019/10/09 17:49:35 934 INFO com.jd.test.tools.AddChars.run(AddChars.java:27) NUMBER: 设置数组第20值为：D
2019/10/09 17:50:06 374 INFO com.jd.test.tools.AddChars.run(AddChars.java:26) NUMBER: 设置数组第1值为：X
2019/10/09 17:50:06 374 INFO com.jd.test.tools.AddChars.run(AddChars.java:26) UPPERCASE: 设置数组第1值为：X
2019/10/09 17:50:06 374 INFO com.jd.test.tools.AddChars.run(AddChars.java:26) LOWERCASE: 设置数组第1值为：X
2019/10/09 17:50:06 374 INFO com.jd.test.tools.AddChars.run(AddChars.java:26) SPECIALCASE: 设置数组第1值为：X
2019/10/09 17:50:06 374 INFO com.jd.test.tools.AddChars.run(AddChars.java:26) LOWERCASE: 设置数组第4值为：Y
2019/10/09 17:50:06 374 INFO com.jd.test.tools.AddChars.run(AddChars.java:26) UPPERCASE: 设置数组第3值为：G
2019/10/09 17:50:06 374 INFO com.jd.test.tools.AddChars.run(AddChars.java:26) NUMBER: 设置数组第2值为：B
2019/10/09 17:50:06 390 INFO com.jd.test.tools.AddChars.run(AddChars.java:26) UPPERCASE: 设置数组第7值为：C
2019/10/09 17:50:06 390 INFO com.jd.test.tools.AddChars.run(AddChars.java:26) LOWERCASE: 设置数组第6值为：Y
2019/10/09 17:50:06 390 INFO com.jd.test.tools.AddChars.run(AddChars.java:26) LOWERCASE: 设置数组第10值为：D
2019/10/09 17:50:06 390 INFO com.jd.test.tools.AddChars.run(AddChars.java:26) LOWERCASE: 设置数组第11值为：G
2019/10/09 17:50:06 390 INFO com.jd.test.tools.AddChars.run(AddChars.java:26) LOWERCASE: 设置数组第12值为：E
2019/10/09 17:50:06 390 INFO com.jd.test.tools.AddChars.run(AddChars.java:26) LOWERCASE: 设置数组第13值为：H
2019/10/09 17:50:06 390 INFO com.jd.test.tools.AddChars.run(AddChars.java:26) LOWERCASE: 设置数组第14值为：V
2019/10/09 17:50:06 390 INFO com.jd.test.tools.AddChars.run(AddChars.java:26) LOWERCASE: 设置数组第15值为：X
2019/10/09 17:50:06 390 INFO com.jd.test.tools.AddChars.run(AddChars.java:26) LOWERCASE: 设置数组第16值为：S
2019/10/09 17:50:06 390 INFO com.jd.test.tools.AddChars.run(AddChars.java:26) LOWERCASE: 设置数组第17值为：V
2019/10/09 17:50:06 374 INFO com.jd.test.tools.AddChars.run(AddChars.java:26) SPECIALCASE: 设置数组第5值为：V
2019/10/09 17:50:06 390 INFO com.jd.test.tools.AddChars.run(AddChars.java:26) LOWERCASE: 设置数组第18值为：S
2019/10/09 17:50:06 390 INFO com.jd.test.tools.AddChars.run(AddChars.java:26) UPPERCASE: 设置数组第9值为：U
2019/10/09 17:50:06 390 INFO com.jd.test.tools.AddChars.run(AddChars.java:26) NUMBER: 设置数组第8值为：B
2019/10/09 17:50:06 390 INFO com.jd.test.tools.AddChars.run(AddChars.java:26) LOWERCASE: 设置数组第20值为：Z
2019/10/09 17:50:06 390 INFO com.jd.test.tools.AddChars.run(AddChars.java:26) SPECIALCASE: 设置数组第19值为：Z
2019/10/09 18:08:40 224 INFO com.jd.test.tools.AddChars.run(AddChars.java:25) SPECIALCASE: 设置数组第1值为：Q
2019/10/09 18:08:40 227 INFO com.jd.test.tools.AddChars.run(AddChars.java:25) SPECIALCASE: 设置数组第2值为：Y
2019/10/09 18:08:40 224 INFO com.jd.test.tools.AddChars.run(AddChars.java:25) UPPERCASE: 设置数组第1值为：Q
2019/10/09 18:08:40 224 INFO com.jd.test.tools.AddChars.run(AddChars.java:25) LOWERCASE: 设置数组第1值为：Q
2019/10/09 18:08:40 224 INFO com.jd.test.tools.AddChars.run(AddChars.java:25) NUMBER: 设置数组第1值为：Q
2019/10/09 18:08:40 228 INFO com.jd.test.tools.AddChars.run(AddChars.java:25) LOWERCASE: 设置数组第5值为：V
2019/10/09 18:08:40 227 INFO com.jd.test.tools.AddChars.run(AddChars.java:25) UPPERCASE: 设置数组第4值为：X
2019/10/09 18:08:40 227 INFO com.jd.test.tools.AddChars.run(AddChars.java:25) SPECIALCASE: 设置数组第3值为：I
2019/10/09 18:08:40 231 INFO com.jd.test.tools.AddChars.run(AddChars.java:25) UPPERCASE: 设置数组第8值为：H
2019/10/09 18:08:40 230 INFO com.jd.test.tools.AddChars.run(AddChars.java:25) LOWERCASE: 设置数组第7值为：K
2019/10/09 18:08:40 228 INFO com.jd.test.tools.AddChars.run(AddChars.java:25) NUMBER: 设置数组第6值为：X
2019/10/09 18:08:40 231 INFO com.jd.test.tools.AddChars.run(AddChars.java:25) LOWERCASE: 设置数组第11值为：B
2019/10/09 18:08:40 231 INFO com.jd.test.tools.AddChars.run(AddChars.java:25) UPPERCASE: 设置数组第10值为：N
2019/10/09 18:08:40 231 INFO com.jd.test.tools.AddChars.run(AddChars.java:25) SPECIALCASE: 设置数组第9值为：Z
2019/10/09 18:08:40 232 INFO com.jd.test.tools.AddChars.run(AddChars.java:25) UPPERCASE: 设置数组第14值为：S
2019/10/09 18:08:40 232 INFO com.jd.test.tools.AddChars.run(AddChars.java:25) LOWERCASE: 设置数组第13值为：P
2019/10/09 18:08:40 235 INFO com.jd.test.tools.AddChars.run(AddChars.java:25) LOWERCASE: 设置数组第17值为：N
2019/10/09 18:08:40 232 INFO com.jd.test.tools.AddChars.run(AddChars.java:25) NUMBER: 设置数组第12值为：G
2019/10/09 18:08:40 236 INFO com.jd.test.tools.AddChars.run(AddChars.java:25) LOWERCASE: 设置数组第18值为：A
2019/10/09 18:08:40 233 INFO com.jd.test.tools.AddChars.run(AddChars.java:25) UPPERCASE: 设置数组第16值为：F
2019/10/09 18:08:40 233 INFO com.jd.test.tools.AddChars.run(AddChars.java:25) SPECIALCASE: 设置数组第15值为：G
2019/10/09 18:08:40 236 INFO com.jd.test.tools.AddChars.run(AddChars.java:25) LOWERCASE: 设置数组第20值为：Y
2019/10/09 18:08:40 236 INFO com.jd.test.tools.AddChars.run(AddChars.java:25) NUMBER: 设置数组第19值为：J
2019/10/09 18:11:56 009 INFO com.jd.test.tools.AddChars.run(AddChars.java:26) NUMBER: 设置数组第1值为：B
2019/10/09 18:11:56 009 INFO com.jd.test.tools.AddChars.run(AddChars.java:26) NUMBER: 设置数组第2值为：H
2019/10/09 18:11:56 009 INFO com.jd.test.tools.AddChars.run(AddChars.java:26) NUMBER: 设置数组第3值为：G
2019/10/09 18:11:56 009 INFO com.jd.test.tools.AddChars.run(AddChars.java:26) NUMBER: 设置数组第4值为：B
2019/10/09 18:11:56 009 INFO com.jd.test.tools.AddChars.run(AddChars.java:26) NUMBER: 设置数组第5值为：M
2019/10/09 18:11:56 009 INFO com.jd.test.tools.AddChars.run(AddChars.java:26) NUMBER: 设置数组第6值为：B
2019/10/09 18:11:56 009 INFO com.jd.test.tools.AddChars.run(AddChars.java:26) NUMBER: 设置数组第7值为：I
2019/10/09 18:11:56 025 INFO com.jd.test.tools.AddChars.run(AddChars.java:26) NUMBER: 设置数组第8值为：U
2019/10/09 18:11:56 025 INFO com.jd.test.tools.AddChars.run(AddChars.java:26) NUMBER: 设置数组第9值为：J
2019/10/09 18:11:56 025 INFO com.jd.test.tools.AddChars.run(AddChars.java:26) NUMBER: 设置数组第10值为：K
2019/10/09 18:11:56 025 INFO com.jd.test.tools.AddChars.run(AddChars.java:26) NUMBER: 设置数组第11值为：E
2019/10/09 18:11:56 025 INFO com.jd.test.tools.AddChars.run(AddChars.java:26) NUMBER: 设置数组第12值为：X
2019/10/09 18:11:56 025 INFO com.jd.test.tools.AddChars.run(AddChars.java:26) NUMBER: 设置数组第13值为：W
2019/10/09 18:11:56 025 INFO com.jd.test.tools.AddChars.run(AddChars.java:26) NUMBER: 设置数组第14值为：N
2019/10/09 18:11:56 025 INFO com.jd.test.tools.AddChars.run(AddChars.java:26) NUMBER: 设置数组第15值为：W
2019/10/09 18:11:56 025 INFO com.jd.test.tools.AddChars.run(AddChars.java:26) NUMBER: 设置数组第16值为：W
2019/10/09 18:11:56 025 INFO com.jd.test.tools.AddChars.run(AddChars.java:26) NUMBER: 设置数组第17值为：Y
2019/10/09 18:11:56 025 INFO com.jd.test.tools.AddChars.run(AddChars.java:26) NUMBER: 设置数组第18值为：V
2019/10/09 18:11:56 025 INFO com.jd.test.tools.AddChars.run(AddChars.java:26) NUMBER: 设置数组第19值为：V
2019/10/09 18:11:56 025 INFO com.jd.test.tools.AddChars.run(AddChars.java:26) NUMBER: 设置数组第20值为：R
2019/10/09 18:13:02 165 INFO com.jd.test.tools.AddChars.run(AddChars.java:25) LOWERCASE: 设置数组第1值为：X
2019/10/09 18:13:02 168 INFO com.jd.test.tools.AddChars.run(AddChars.java:25) LOWERCASE: 设置数组第2值为：B
2019/10/09 18:13:02 165 INFO com.jd.test.tools.AddChars.run(AddChars.java:25) NUMBER: 设置数组第1值为：X
2019/10/09 18:13:02 165 INFO com.jd.test.tools.AddChars.run(AddChars.java:25) SPECIALCASE: 设置数组第1值为：X
2019/10/09 18:13:02 165 INFO com.jd.test.tools.AddChars.run(AddChars.java:25) UPPERCASE: 设置数组第1值为：X
2019/10/09 18:13:02 169 INFO com.jd.test.tools.AddChars.run(AddChars.java:25) SPECIALCASE: 设置数组第5值为：H
2019/10/09 18:13:02 169 INFO com.jd.test.tools.AddChars.run(AddChars.java:25) NUMBER: 设置数组第4值为：V
2019/10/09 18:13:02 169 INFO com.jd.test.tools.AddChars.run(AddChars.java:25) LOWERCASE: 设置数组第3值为：Z
2019/10/09 18:13:02 172 INFO com.jd.test.tools.AddChars.run(AddChars.java:25) NUMBER: 设置数组第8值为：J
2019/10/09 18:13:02 171 INFO com.jd.test.tools.AddChars.run(AddChars.java:25) SPECIALCASE: 设置数组第7值为：A
2019/10/09 18:13:02 169 INFO com.jd.test.tools.AddChars.run(AddChars.java:25) UPPERCASE: 设置数组第6值为：T
2019/10/09 18:13:02 173 INFO com.jd.test.tools.AddChars.run(AddChars.java:25) SPECIALCASE: 设置数组第11值为：Z
2019/10/09 18:13:02 172 INFO com.jd.test.tools.AddChars.run(AddChars.java:25) NUMBER: 设置数组第10值为：C
2019/10/09 18:13:02 173 INFO com.jd.test.tools.AddChars.run(AddChars.java:25) NUMBER: 设置数组第14值为：N
2019/10/09 18:13:02 172 INFO com.jd.test.tools.AddChars.run(AddChars.java:25) LOWERCASE: 设置数组第9值为：D
2019/10/09 18:13:02 174 INFO com.jd.test.tools.AddChars.run(AddChars.java:25) LOWERCASE: 设置数组第16值为：T
2019/10/09 18:13:02 176 INFO com.jd.test.tools.AddChars.run(AddChars.java:25) LOWERCASE: 设置数组第17值为：H
2019/10/09 18:13:02 177 INFO com.jd.test.tools.AddChars.run(AddChars.java:25) LOWERCASE: 设置数组第18值为：O
2019/10/09 18:13:02 174 INFO com.jd.test.tools.AddChars.run(AddChars.java:25) NUMBER: 设置数组第15值为：U
2019/10/09 18:13:02 173 INFO com.jd.test.tools.AddChars.run(AddChars.java:25) SPECIALCASE: 设置数组第13值为：V
2019/10/09 18:13:02 173 INFO com.jd.test.tools.AddChars.run(AddChars.java:25) UPPERCASE: 设置数组第12值为：X
2019/10/09 18:13:02 177 INFO com.jd.test.tools.AddChars.run(AddChars.java:25) NUMBER: 设置数组第20值为：V
2019/10/09 18:13:02 177 INFO com.jd.test.tools.AddChars.run(AddChars.java:25) LOWERCASE: 设置数组第19值为：A
2019/10/09 18:14:48 462 INFO com.jd.test.tools.AddChars.run(AddChars.java:25) NUMBER: 设置数组第1值为：I
2019/10/09 18:14:48 462 INFO com.jd.test.tools.AddChars.run(AddChars.java:25) LOWERCASE: 设置数组第1值为：I
2019/10/09 18:14:48 462 INFO com.jd.test.tools.AddChars.run(AddChars.java:25) LOWERCASE: 设置数组第3值为：Z
2019/10/09 18:14:48 462 INFO com.jd.test.tools.AddChars.run(AddChars.java:25) LOWERCASE: 设置数组第4值为：Z
2019/10/09 18:14:48 462 INFO com.jd.test.tools.AddChars.run(AddChars.java:25) UPPERCASE: 设置数组第1值为：I
2019/10/09 18:14:48 462 INFO com.jd.test.tools.AddChars.run(AddChars.java:25) SPECIALCASE: 设置数组第1值为：I
2019/10/09 18:14:48 462 INFO com.jd.test.tools.AddChars.run(AddChars.java:25) UPPERCASE: 设置数组第6值为：M
2019/10/09 18:14:48 462 INFO com.jd.test.tools.AddChars.run(AddChars.java:25) LOWERCASE: 设置数组第5值为：D
2019/10/09 18:14:48 462 INFO com.jd.test.tools.AddChars.run(AddChars.java:25) NUMBER: 设置数组第2值为：Z
2019/10/09 18:14:48 462 INFO com.jd.test.tools.AddChars.run(AddChars.java:25) LOWERCASE: 设置数组第9值为：I
2019/10/09 18:14:48 462 INFO com.jd.test.tools.AddChars.run(AddChars.java:25) LOWERCASE: 设置数组第11值为：T
2019/10/09 18:14:48 462 INFO com.jd.test.tools.AddChars.run(AddChars.java:25) LOWERCASE: 设置数组第12值为：Y
2019/10/09 18:14:48 462 INFO com.jd.test.tools.AddChars.run(AddChars.java:25) LOWERCASE: 设置数组第13值为：H
2019/10/09 18:14:48 462 INFO com.jd.test.tools.AddChars.run(AddChars.java:25) UPPERCASE: 设置数组第8值为：Y
2019/10/09 18:14:48 462 INFO com.jd.test.tools.AddChars.run(AddChars.java:25) SPECIALCASE: 设置数组第7值为：H
2019/10/09 18:14:48 462 INFO com.jd.test.tools.AddChars.run(AddChars.java:25) UPPERCASE: 设置数组第15值为：C
2019/10/09 18:14:48 478 INFO com.jd.test.tools.AddChars.run(AddChars.java:25) UPPERCASE: 设置数组第17值为：W
2019/10/09 18:14:48 462 INFO com.jd.test.tools.AddChars.run(AddChars.java:25) LOWERCASE: 设置数组第14值为：S
2019/10/09 18:14:48 462 INFO com.jd.test.tools.AddChars.run(AddChars.java:25) NUMBER: 设置数组第10值为：K
2019/10/09 18:14:48 484 INFO com.jd.test.tools.AddChars.run(AddChars.java:25) LOWERCASE: 设置数组第19值为：H
2019/10/09 18:14:48 478 INFO com.jd.test.tools.AddChars.run(AddChars.java:25) UPPERCASE: 设置数组第18值为：G
2019/10/09 18:14:48 462 INFO com.jd.test.tools.AddChars.run(AddChars.java:25) SPECIALCASE: 设置数组第16值为：A
2019/10/09 18:14:48 484 INFO com.jd.test.tools.AddChars.run(AddChars.java:25) NUMBER: 设置数组第20值为：M
